Script: Start - 20250114180401
Download: Start - 20250114180401
Download: Finish - 20250114180401
Unzip: Start - 20250114180402
Unzip: Finish - 20250114180402
Validation: Start - 20250114180402
Validation: Finish - 20250114184322
Create Table: Start - 20250114184322
Create Table: Finish - 20250114184322
Data: Start - 20250114184322
Data: Finish - 20250114184323
Archive: Start - 20250114184323
Archive: Finish - 20250114184323
SecretCode: Start - 20250114184323
SecretCode: Finish - 20250114184323
Export: Start - 20250114184323
Export: Finish - 20250114184323
Zip: Start - 20250114184323
Zip: Finish - 20250114184324
Script: Finish - 20250114184324
